GAS LISTING /tmp/ccsOwhxU.s 			page 1


   1              		.file	"scheduler.cpp"
   2              		.option pic
   3              		.option norelax
   4              		.text
   5              	.Ltext0:
   6              		.align	2
   8              	_Z41__static_initialization_and_destruction_0ii:
   9              	.LFB24:
  10              		.file 1 "src/scheduler.cpp"
   1:src/scheduler.cpp **** //
   2:src/scheduler.cpp **** // Created by os on 5/14/24.
   3:src/scheduler.cpp **** //
   4:src/scheduler.cpp **** 
   5:src/scheduler.cpp **** 
   6:src/scheduler.cpp **** #include "../h/scheduler.hpp"
   7:src/scheduler.cpp **** 
   8:src/scheduler.cpp **** 
   9:src/scheduler.cpp **** List<CCB> Scheduler::readyCoroutineQueue;
  10:src/scheduler.cpp **** 
  11:src/scheduler.cpp **** CCB *Scheduler::get()
  12:src/scheduler.cpp **** {
  13:src/scheduler.cpp ****     return readyCoroutineQueue.removeFirst();
  14:src/scheduler.cpp **** }
  15:src/scheduler.cpp **** 
  16:src/scheduler.cpp **** void Scheduler::put(CCB *ccb)
  17:src/scheduler.cpp **** {
  18:src/scheduler.cpp ****     readyCoroutineQueue.addLast(ccb);
  19:src/scheduler.cpp **** }...
  11              		.loc 1 19 1
  12              		.cfi_startproc
  13              	.LVL0:
  14 0000 130101FF 		addi	sp,sp,-16
  15              		.cfi_def_cfa_offset 16
  16 0004 23348100 		sd	s0,8(sp)
  17              		.cfi_offset 8, -8
  18 0008 13040101 		addi	s0,sp,16
  19              		.cfi_def_cfa 8, 0
  20              		.loc 1 19 1 is_stmt 0
  21 000c 93071000 		li	a5,1
  22 0010 6308F500 		beq	a0,a5,.L4
  23              	.L1:
  24 0014 03348100 		ld	s0,8(sp)
  25              		.cfi_remember_state
  26              		.cfi_restore 8
  27              		.cfi_def_cfa 2, 16
  28 0018 13010101 		addi	sp,sp,16
  29              		.cfi_def_cfa_offset 0
  30 001c 67800000 		jr	ra
  31              	.L4:
  32              		.cfi_restore_state
  33              		.loc 1 19 1 discriminator 1
  34 0020 B7070100 		li	a5,65536
  35 0024 9387F7FF 		addi	a5,a5,-1
  36 0028 E396F5FE 		bne	a1,a5,.L1
  37              	.LVL1:
  38              	.LBB16:
  39              	.LBB17:
GAS LISTING /tmp/ccsOwhxU.s 			page 2


  40              	.LBB18:
  41              		.file 2 "src/../h/list.hpp"
   1:src/../h/list.hpp **** //
   2:src/../h/list.hpp **** // Created by os on 5/8/24.
   3:src/../h/list.hpp **** //
   4:src/../h/list.hpp **** 
   5:src/../h/list.hpp **** #ifndef OSPROJECT_LIST_HPP
   6:src/../h/list.hpp **** #define OSPROJECT_LIST_HPP
   7:src/../h/list.hpp **** 
   8:src/../h/list.hpp **** #include "memoryAllocator.hpp"
   9:src/../h/list.hpp **** template<typename T>
  10:src/../h/list.hpp **** class List
  11:src/../h/list.hpp **** {
  12:src/../h/list.hpp **** private:
  13:src/../h/list.hpp ****     struct Elem
  14:src/../h/list.hpp ****     {
  15:src/../h/list.hpp ****         T *data;
  16:src/../h/list.hpp ****         Elem *next;
  17:src/../h/list.hpp **** 
  18:src/../h/list.hpp ****         Elem(T *data, Elem *next) : data(data), next(next) {}
  19:src/../h/list.hpp **** 
  20:src/../h/list.hpp ****         void* operator new(size_t size){
  21:src/../h/list.hpp ****             uint64 volatile num_of_blocks = (size + sizeof(uint64) + sizeof(void*)) / MEM_BLOCK_SIZ
  22:src/../h/list.hpp ****             if(size + sizeof(void*) + sizeof(uint64) % MEM_BLOCK_SIZE) num_of_blocks++;
  23:src/../h/list.hpp **** 
  24:src/../h/list.hpp ****             return memoryAllocator::mem_alloc(num_of_blocks);
  25:src/../h/list.hpp ****         }
  26:src/../h/list.hpp **** 
  27:src/../h/list.hpp ****         void operator delete(void* p){
  28:src/../h/list.hpp ****             memoryAllocator::mem_free(p);
  29:src/../h/list.hpp ****         }
  30:src/../h/list.hpp ****     };
  31:src/../h/list.hpp **** 
  32:src/../h/list.hpp ****     Elem *head, *tail;
  33:src/../h/list.hpp **** 
  34:src/../h/list.hpp **** public:
  35:src/../h/list.hpp ****     List() : head(0), tail(0) {}
  42              		.loc 2 35 29
  43 002c 97070000 		lla	a5,.LANCHOR0
  43      93870700 
  44 0034 23B00700 		sd	zero,0(a5)
  45 0038 23B40700 		sd	zero,8(a5)
  46              	.LVL2:
  47              	.LBE18:
  48              	.LBE17:
  49              	.LBE16:
  50              		.loc 1 19 1
  51 003c 6FF09FFD 		j	.L1
  52              		.cfi_endproc
  53              	.LFE24:
  55              		.align	2
  56              		.globl	_ZN9Scheduler3getEv
  58              	_ZN9Scheduler3getEv:
  59              	.LFB12:
  12:src/scheduler.cpp **** {
  60              		.loc 1 12 1 is_stmt 1
  61              		.cfi_startproc
GAS LISTING /tmp/ccsOwhxU.s 			page 3


  62 0040 130101FE 		addi	sp,sp,-32
  63              		.cfi_def_cfa_offset 32
  64 0044 233C1100 		sd	ra,24(sp)
  65 0048 23388100 		sd	s0,16(sp)
  66 004c 23349100 		sd	s1,8(sp)
  67              		.cfi_offset 1, -8
  68              		.cfi_offset 8, -16
  69              		.cfi_offset 9, -24
  70 0050 13040102 		addi	s0,sp,32
  71              		.cfi_def_cfa 8, 0
  13:src/scheduler.cpp ****     return readyCoroutineQueue.removeFirst();
  72              		.loc 1 13 5
  73              	.LVL3:
  74              	.LBB19:
  75              	.LBB20:
  36:src/../h/list.hpp **** 
  37:src/../h/list.hpp ****     List(const List<T> &) = delete;
  38:src/../h/list.hpp **** 
  39:src/../h/list.hpp ****     List<T> &operator=(const List<T> &) = delete;
  40:src/../h/list.hpp **** 
  41:src/../h/list.hpp ****     void* operator new(size_t size){
  42:src/../h/list.hpp ****         uint64 volatile num_of_blocks = (size + sizeof(uint64) + sizeof(void*)) / MEM_BLOCK_SIZE;
  43:src/../h/list.hpp ****         if(size + sizeof(void*) + sizeof(uint64) % MEM_BLOCK_SIZE) num_of_blocks++;
  44:src/../h/list.hpp **** 
  45:src/../h/list.hpp ****         return memoryAllocator::mem_alloc(num_of_blocks);
  46:src/../h/list.hpp ****     }
  47:src/../h/list.hpp **** 
  48:src/../h/list.hpp ****     void operator delete(void* p){
  49:src/../h/list.hpp ****         memoryAllocator::mem_free(p);
  50:src/../h/list.hpp ****     }
  51:src/../h/list.hpp **** 
  52:src/../h/list.hpp **** 
  53:src/../h/list.hpp ****     void addFirst(T *data)
  54:src/../h/list.hpp ****     {
  55:src/../h/list.hpp ****         Elem *elem = new Elem(data, head);
  56:src/../h/list.hpp ****         head = elem;
  57:src/../h/list.hpp ****         if (!tail) { tail = head; }
  58:src/../h/list.hpp ****     }
  59:src/../h/list.hpp **** 
  60:src/../h/list.hpp ****     void addLast(T *data)
  61:src/../h/list.hpp ****     {
  62:src/../h/list.hpp ****         Elem *elem = new Elem(data, 0);
  63:src/../h/list.hpp ****         if (tail)
  64:src/../h/list.hpp ****         {
  65:src/../h/list.hpp ****             tail->next = elem;
  66:src/../h/list.hpp ****             tail = elem;
  67:src/../h/list.hpp ****         } else
  68:src/../h/list.hpp ****         {
  69:src/../h/list.hpp ****             head = tail = elem;
  70:src/../h/list.hpp ****         }
  71:src/../h/list.hpp ****     }
  72:src/../h/list.hpp **** 
  73:src/../h/list.hpp ****     T *removeFirst()
  74:src/../h/list.hpp ****     {
  75:src/../h/list.hpp ****         if (!head) { return 0; }
  76              		.loc 2 75 14 is_stmt 0
  77 0054 17050000 		ld	a0,.LANCHOR0
GAS LISTING /tmp/ccsOwhxU.s 			page 4


  77      03350500 
  78              		.loc 2 75 9
  79 005c 63020504 		beqz	a0,.L8
  80              	.LVL4:
  76:src/../h/list.hpp **** 
  77:src/../h/list.hpp ****         Elem *elem = head;
  78:src/../h/list.hpp ****         head = head->next;
  81              		.loc 2 78 22
  82 0060 83378500 		ld	a5,8(a0)
  83              		.loc 2 78 9
  84 0064 17070000 		sd	a5,.LANCHOR0,a4
  84      2330F700 
  79:src/../h/list.hpp ****         if (!head) { tail = 0; }
  85              		.loc 2 79 9
  86 006c 63840702 		beqz	a5,.L10
  87              	.L7:
  80:src/../h/list.hpp **** 
  81:src/../h/list.hpp ****         T *ret = elem->data;
  88              		.loc 2 81 12
  89 0070 83340500 		ld	s1,0(a0)
  90              	.LVL5:
  91              	.LBB21:
  92              	.LBB22:
  28:src/../h/list.hpp ****         }
  93              		.loc 2 28 38
  94 0074 97000000 		call	_ZN15memoryAllocator8mem_freeEPv@plt
  94      E7800000 
  95              	.LVL6:
  96              	.L5:
  97              	.LBE22:
  98              	.LBE21:
  99              	.LBE20:
 100              	.LBE19:
  14:src/scheduler.cpp **** }
 101              		.loc 1 14 1
 102 007c 13850400 		mv	a0,s1
 103 0080 83308101 		ld	ra,24(sp)
 104              		.cfi_remember_state
 105              		.cfi_restore 1
 106 0084 03340101 		ld	s0,16(sp)
 107              		.cfi_restore 8
 108              		.cfi_def_cfa 2, 32
 109 0088 83348100 		ld	s1,8(sp)
 110              		.cfi_restore 9
 111 008c 13010102 		addi	sp,sp,32
 112              		.cfi_def_cfa_offset 0
 113 0090 67800000 		jr	ra
 114              	.LVL7:
 115              	.L10:
 116              		.cfi_restore_state
 117              	.LBB24:
 118              	.LBB23:
  79:src/../h/list.hpp **** 
 119              		.loc 2 79 22
 120 0094 97070000 		sd	zero,.LANCHOR0+8,a5
 120      23B00700 
 121 009c 6FF05FFD 		j	.L7
GAS LISTING /tmp/ccsOwhxU.s 			page 5


 122              	.LVL8:
 123              	.L8:
  75:src/../h/list.hpp **** 
 124              		.loc 2 75 29
 125 00a0 93040500 		mv	s1,a0
 126              	.LVL9:
 127              	.LBE23:
 128              	.LBE24:
  13:src/scheduler.cpp ****     return readyCoroutineQueue.removeFirst();
 129              		.loc 1 13 44
 130 00a4 6FF09FFD 		j	.L5
 131              		.cfi_endproc
 132              	.LFE12:
 134              		.align	2
 135              		.globl	_ZN9Scheduler3putEP3CCB
 137              	_ZN9Scheduler3putEP3CCB:
 138              	.LFB13:
  17:src/scheduler.cpp **** {
 139              		.loc 1 17 1 is_stmt 1
 140              		.cfi_startproc
 141              	.LVL10:
 142 00a8 130101FD 		addi	sp,sp,-48
 143              		.cfi_def_cfa_offset 48
 144 00ac 23341102 		sd	ra,40(sp)
 145 00b0 23308102 		sd	s0,32(sp)
 146 00b4 233C9100 		sd	s1,24(sp)
 147              		.cfi_offset 1, -8
 148              		.cfi_offset 8, -16
 149              		.cfi_offset 9, -24
 150 00b8 13040103 		addi	s0,sp,48
 151              		.cfi_def_cfa 8, 0
 152 00bc 93040500 		mv	s1,a0
  18:src/scheduler.cpp ****     readyCoroutineQueue.addLast(ccb);
 153              		.loc 1 18 5
 154              	.LVL11:
 155              	.LBB32:
 156              	.LBB33:
 157              	.LBB34:
 158              	.LBB35:
  21:src/../h/list.hpp ****             if(size + sizeof(void*) + sizeof(uint64) % MEM_BLOCK_SIZE) num_of_blocks++;
 159              		.loc 2 21 29 is_stmt 0
 160 00c0 233C04FC 		sd	zero,-40(s0)
  22:src/../h/list.hpp **** 
 161              		.loc 2 22 72
 162 00c4 833784FD 		ld	a5,-40(s0)
 163 00c8 93871700 		addi	a5,a5,1
 164 00cc 233CF4FC 		sd	a5,-40(s0)
  24:src/../h/list.hpp ****         }
 165              		.loc 2 24 46
 166 00d0 033584FD 		ld	a0,-40(s0)
 167              	.LVL12:
 168 00d4 97000000 		call	_ZN15memoryAllocator9mem_allocEm@plt
 168      E7800000 
 169              	.LVL13:
 170              	.LBE35:
 171              	.LBE34:
 172              	.LBB36:
GAS LISTING /tmp/ccsOwhxU.s 			page 6


 173              	.LBB37:
  18:src/../h/list.hpp **** 
 174              		.loc 2 18 58
 175 00dc 23309500 		sd	s1,0(a0)
 176 00e0 23340500 		sd	zero,8(a0)
 177              	.LVL14:
 178              	.LBE37:
 179              	.LBE36:
  63:src/../h/list.hpp ****         {
 180              		.loc 2 63 13
 181 00e4 97070000 		ld	a5,.LANCHOR0+8
 181      83B70700 
  63:src/../h/list.hpp ****         {
 182              		.loc 2 63 9
 183 00ec 63820702 		beqz	a5,.L12
  65:src/../h/list.hpp ****             tail = elem;
 184              		.loc 2 65 13
 185 00f0 23B4A700 		sd	a0,8(a5)
  66:src/../h/list.hpp ****         } else
 186              		.loc 2 66 13
 187 00f4 97070000 		sd	a0,.LANCHOR0+8,a5
 187      23B0A700 
 188              	.LVL15:
 189              	.L11:
 190              	.LBE33:
 191              	.LBE32:
 192              		.loc 1 19 1
 193 00fc 83308102 		ld	ra,40(sp)
 194              		.cfi_remember_state
 195              		.cfi_restore 1
 196 0100 03340102 		ld	s0,32(sp)
 197              		.cfi_restore 8
 198              		.cfi_def_cfa 2, 48
 199 0104 83348101 		ld	s1,24(sp)
 200              		.cfi_restore 9
 201              	.LVL16:
 202 0108 13010103 		addi	sp,sp,48
 203              		.cfi_def_cfa_offset 0
 204 010c 67800000 		jr	ra
 205              	.LVL17:
 206              	.L12:
 207              		.cfi_restore_state
 208              	.LBB39:
 209              	.LBB38:
  69:src/../h/list.hpp ****         }
 210              		.loc 2 69 13
 211 0110 97070000 		lla	a5,.LANCHOR0
 211      93870700 
 212 0118 23B4A700 		sd	a0,8(a5)
 213 011c 23B0A700 		sd	a0,0(a5)
 214              	.LVL18:
 215              	.LBE38:
 216              	.LBE39:
 217              		.loc 1 19 1
 218 0120 6FF0DFFD 		j	.L11
 219              		.cfi_endproc
 220              	.LFE13:
GAS LISTING /tmp/ccsOwhxU.s 			page 7


 222              		.align	2
 224              	_GLOBAL__sub_I__ZN9Scheduler19readyCoroutineQueueE:
 225              	.LFB25:
 226              		.loc 1 19 1 is_stmt 1
 227              		.cfi_startproc
 228 0124 130101FF 		addi	sp,sp,-16
 229              		.cfi_def_cfa_offset 16
 230 0128 23341100 		sd	ra,8(sp)
 231 012c 23308100 		sd	s0,0(sp)
 232              		.cfi_offset 1, -8
 233              		.cfi_offset 8, -16
 234 0130 13040101 		addi	s0,sp,16
 235              		.cfi_def_cfa 8, 0
 236              		.loc 1 19 1 is_stmt 0
 237 0134 B7050100 		li	a1,65536
 238 0138 9385F5FF 		addi	a1,a1,-1
 239 013c 13051000 		li	a0,1
 240 0140 97000000 		call	_Z41__static_initialization_and_destruction_0ii
 240      E7800000 
 241              	.LVL19:
 242 0148 83308100 		ld	ra,8(sp)
 243              		.cfi_restore 1
 244 014c 03340100 		ld	s0,0(sp)
 245              		.cfi_restore 8
 246              		.cfi_def_cfa 2, 16
 247 0150 13010101 		addi	sp,sp,16
 248              		.cfi_def_cfa_offset 0
 249 0154 67800000 		jr	ra
 250              		.cfi_endproc
 251              	.LFE25:
 253              		.section	.init_array,"aw"
 254              		.align	3
 255 0000 00000000 		.dword	_GLOBAL__sub_I__ZN9Scheduler19readyCoroutineQueueE
 255      00000000 
 256              		.globl	_ZN9Scheduler19readyCoroutineQueueE
 257              		.bss
 258              		.align	3
 259              		.set	.LANCHOR0,. + 0
 262              	_ZN9Scheduler19readyCoroutineQueueE:
 263 0000 00000000 		.zero	16
 263      00000000 
 263      00000000 
 263      00000000 
 264              		.text
 265              	.Letext0:
 266              		.file 3 "src/../h/../lib/hw.h"
 267              		.file 4 "src/../h/memoryAllocator.hpp"
 268              		.file 5 "src/../h/scheduler.hpp"
GAS LISTING /tmp/ccsOwhxU.s 			page 8


DEFINED SYMBOLS
                            *ABS*:0000000000000000 scheduler.cpp
     /tmp/ccsOwhxU.s:8      .text:0000000000000000 _Z41__static_initialization_and_destruction_0ii
     /tmp/ccsOwhxU.s:12     .text:0000000000000000 .L0 
     /tmp/ccsOwhxU.s:14     .text:0000000000000000 .L0 
     /tmp/ccsOwhxU.s:15     .text:0000000000000004 .L0 
     /tmp/ccsOwhxU.s:17     .text:0000000000000008 .L0 
     /tmp/ccsOwhxU.s:19     .text:000000000000000c .L0 
     /tmp/ccsOwhxU.s:21     .text:000000000000000c .L0 
     /tmp/ccsOwhxU.s:25     .text:0000000000000018 .L0 
     /tmp/ccsOwhxU.s:26     .text:0000000000000018 .L0 
     /tmp/ccsOwhxU.s:27     .text:0000000000000018 .L0 
     /tmp/ccsOwhxU.s:29     .text:000000000000001c .L0 
     /tmp/ccsOwhxU.s:32     .text:0000000000000020 .L0 
     /tmp/ccsOwhxU.s:34     .text:0000000000000020 .L0 
     /tmp/ccsOwhxU.s:43     .text:000000000000002c .L0 
     /tmp/ccsOwhxU.s:51     .text:000000000000003c .L0 
     /tmp/ccsOwhxU.s:52     .text:0000000000000040 .L0 
     /tmp/ccsOwhxU.s:58     .text:0000000000000040 _ZN9Scheduler3getEv
     /tmp/ccsOwhxU.s:61     .text:0000000000000040 .L0 
     /tmp/ccsOwhxU.s:62     .text:0000000000000040 .L0 
     /tmp/ccsOwhxU.s:63     .text:0000000000000044 .L0 
     /tmp/ccsOwhxU.s:67     .text:0000000000000050 .L0 
     /tmp/ccsOwhxU.s:68     .text:0000000000000050 .L0 
     /tmp/ccsOwhxU.s:69     .text:0000000000000050 .L0 
     /tmp/ccsOwhxU.s:71     .text:0000000000000054 .L0 
     /tmp/ccsOwhxU.s:76     .text:0000000000000054 .L0 
     /tmp/ccsOwhxU.s:77     .text:0000000000000054 .L0 
     /tmp/ccsOwhxU.s:79     .text:000000000000005c .L0 
     /tmp/ccsOwhxU.s:82     .text:0000000000000060 .L0 
     /tmp/ccsOwhxU.s:84     .text:0000000000000064 .L0 
     /tmp/ccsOwhxU.s:86     .text:000000000000006c .L0 
     /tmp/ccsOwhxU.s:89     .text:0000000000000070 .L0 
     /tmp/ccsOwhxU.s:94     .text:0000000000000074 .L0 
     /tmp/ccsOwhxU.s:102    .text:000000000000007c .L0 
     /tmp/ccsOwhxU.s:104    .text:0000000000000084 .L0 
     /tmp/ccsOwhxU.s:105    .text:0000000000000084 .L0 
     /tmp/ccsOwhxU.s:107    .text:0000000000000088 .L0 
     /tmp/ccsOwhxU.s:108    .text:0000000000000088 .L0 
     /tmp/ccsOwhxU.s:110    .text:000000000000008c .L0 
     /tmp/ccsOwhxU.s:112    .text:0000000000000090 .L0 
     /tmp/ccsOwhxU.s:116    .text:0000000000000094 .L0 
     /tmp/ccsOwhxU.s:120    .text:0000000000000094 .L0 
     /tmp/ccsOwhxU.s:125    .text:00000000000000a0 .L0 
     /tmp/ccsOwhxU.s:130    .text:00000000000000a4 .L0 
     /tmp/ccsOwhxU.s:131    .text:00000000000000a8 .L0 
     /tmp/ccsOwhxU.s:137    .text:00000000000000a8 _ZN9Scheduler3putEP3CCB
     /tmp/ccsOwhxU.s:140    .text:00000000000000a8 .L0 
     /tmp/ccsOwhxU.s:142    .text:00000000000000a8 .L0 
     /tmp/ccsOwhxU.s:143    .text:00000000000000ac .L0 
     /tmp/ccsOwhxU.s:147    .text:00000000000000b8 .L0 
     /tmp/ccsOwhxU.s:148    .text:00000000000000b8 .L0 
     /tmp/ccsOwhxU.s:149    .text:00000000000000b8 .L0 
     /tmp/ccsOwhxU.s:151    .text:00000000000000bc .L0 
     /tmp/ccsOwhxU.s:159    .text:00000000000000c0 .L0 
     /tmp/ccsOwhxU.s:160    .text:00000000000000c0 .L0 
     /tmp/ccsOwhxU.s:162    .text:00000000000000c4 .L0 
GAS LISTING /tmp/ccsOwhxU.s 			page 9


     /tmp/ccsOwhxU.s:166    .text:00000000000000d0 .L0 
     /tmp/ccsOwhxU.s:175    .text:00000000000000dc .L0 
     /tmp/ccsOwhxU.s:181    .text:00000000000000e4 .L0 
     /tmp/ccsOwhxU.s:183    .text:00000000000000ec .L0 
     /tmp/ccsOwhxU.s:185    .text:00000000000000f0 .L0 
     /tmp/ccsOwhxU.s:187    .text:00000000000000f4 .L0 
     /tmp/ccsOwhxU.s:193    .text:00000000000000fc .L0 
     /tmp/ccsOwhxU.s:194    .text:0000000000000100 .L0 
     /tmp/ccsOwhxU.s:195    .text:0000000000000100 .L0 
     /tmp/ccsOwhxU.s:197    .text:0000000000000104 .L0 
     /tmp/ccsOwhxU.s:198    .text:0000000000000104 .L0 
     /tmp/ccsOwhxU.s:200    .text:0000000000000108 .L0 
     /tmp/ccsOwhxU.s:203    .text:000000000000010c .L0 
     /tmp/ccsOwhxU.s:207    .text:0000000000000110 .L0 
     /tmp/ccsOwhxU.s:211    .text:0000000000000110 .L0 
     /tmp/ccsOwhxU.s:218    .text:0000000000000120 .L0 
     /tmp/ccsOwhxU.s:219    .text:0000000000000124 .L0 
     /tmp/ccsOwhxU.s:224    .text:0000000000000124 _GLOBAL__sub_I__ZN9Scheduler19readyCoroutineQueueE
     /tmp/ccsOwhxU.s:227    .text:0000000000000124 .L0 
     /tmp/ccsOwhxU.s:228    .text:0000000000000124 .L0 
     /tmp/ccsOwhxU.s:229    .text:0000000000000128 .L0 
     /tmp/ccsOwhxU.s:232    .text:0000000000000130 .L0 
     /tmp/ccsOwhxU.s:233    .text:0000000000000130 .L0 
     /tmp/ccsOwhxU.s:235    .text:0000000000000134 .L0 
     /tmp/ccsOwhxU.s:237    .text:0000000000000134 .L0 
     /tmp/ccsOwhxU.s:243    .text:000000000000014c .L0 
     /tmp/ccsOwhxU.s:245    .text:0000000000000150 .L0 
     /tmp/ccsOwhxU.s:246    .text:0000000000000150 .L0 
     /tmp/ccsOwhxU.s:248    .text:0000000000000154 .L0 
     /tmp/ccsOwhxU.s:250    .text:0000000000000158 .L0 
     /tmp/ccsOwhxU.s:262    .bss:0000000000000000 _ZN9Scheduler19readyCoroutineQueueE
     /tmp/ccsOwhxU.s:259    .bss:0000000000000000 .LANCHOR0
     /tmp/ccsOwhxU.s:269    .text:0000000000000158 .L0 
     /tmp/ccsOwhxU.s:43     .text:000000000000002c .L0 
     /tmp/ccsOwhxU.s:77     .text:0000000000000054 .L0 
     /tmp/ccsOwhxU.s:84     .text:0000000000000064 .L0 
     /tmp/ccsOwhxU.s:120    .text:0000000000000094 .L0 
     /tmp/ccsOwhxU.s:181    .text:00000000000000e4 .L0 
     /tmp/ccsOwhxU.s:187    .text:00000000000000f4 .L0 
     /tmp/ccsOwhxU.s:211    .text:0000000000000110 .L0 
     /tmp/ccsOwhxU.s:31     .text:0000000000000020 .L4
     /tmp/ccsOwhxU.s:23     .text:0000000000000014 .L1
     /tmp/ccsOwhxU.s:123    .text:00000000000000a0 .L8
     /tmp/ccsOwhxU.s:115    .text:0000000000000094 .L10
     /tmp/ccsOwhxU.s:87     .text:0000000000000070 .L7
     /tmp/ccsOwhxU.s:96     .text:000000000000007c .L5
     /tmp/ccsOwhxU.s:206    .text:0000000000000110 .L12
     /tmp/ccsOwhxU.s:189    .text:00000000000000fc .L11
     /tmp/ccsOwhxU.s:1064   .debug_abbrev:0000000000000000 .Ldebug_abbrev0
     /tmp/ccsOwhxU.s:2176   .debug_str:0000000000000280 .LASF65
     /tmp/ccsOwhxU.s:2160   .debug_str:00000000000001d3 .LASF66
     /tmp/ccsOwhxU.s:2150   .debug_str:000000000000017a .LASF67
     /tmp/ccsOwhxU.s:5      .text:0000000000000000 .Ltext0
     /tmp/ccsOwhxU.s:265    .text:0000000000000158 .Letext0
     /tmp/ccsOwhxU.s:2104   .debug_line:0000000000000000 .Ldebug_line0
     /tmp/ccsOwhxU.s:2188   .debug_str:0000000000000391 .LASF0
     /tmp/ccsOwhxU.s:2166   .debug_str:000000000000020a .LASF1
GAS LISTING /tmp/ccsOwhxU.s 			page 10


     /tmp/ccsOwhxU.s:2154   .debug_str:000000000000019f .LASF2
     /tmp/ccsOwhxU.s:2126   .debug_str:00000000000000ab .LASF4
     /tmp/ccsOwhxU.s:2164   .debug_str:00000000000001f8 .LASF3
     /tmp/ccsOwhxU.s:2112   .debug_str:0000000000000031 .LASF5
     /tmp/ccsOwhxU.s:2108   .debug_str:0000000000000013 .LASF6
     /tmp/ccsOwhxU.s:2146   .debug_str:000000000000014f .LASF7
     /tmp/ccsOwhxU.s:2204   .debug_str:0000000000000408 .LASF8
     /tmp/ccsOwhxU.s:2124   .debug_str:000000000000009d .LASF9
     /tmp/ccsOwhxU.s:2252   .debug_str:00000000000005c2 .LASF10
     /tmp/ccsOwhxU.s:2200   .debug_str:00000000000003ef .LASF11
     /tmp/ccsOwhxU.s:2240   .debug_str:0000000000000545 .LASF12
     /tmp/ccsOwhxU.s:2218   .debug_str:0000000000000482 .LASF13
     /tmp/ccsOwhxU.s:2168   .debug_str:000000000000021d .LASF14
     /tmp/ccsOwhxU.s:2134   .debug_str:00000000000000de .LASF15
     /tmp/ccsOwhxU.s:2210   .debug_str:0000000000000447 .LASF16
     /tmp/ccsOwhxU.s:2130   .debug_str:00000000000000c9 .LASF23
     /tmp/ccsOwhxU.s:2214   .debug_str:0000000000000462 .LASF28
     /tmp/ccsOwhxU.s:2114   .debug_str:0000000000000038 .LASF17
     /tmp/ccsOwhxU.s:2248   .debug_str:000000000000058a .LASF18
     /tmp/ccsOwhxU.s:2246   .debug_str:0000000000000580 .LASF19
     /tmp/ccsOwhxU.s:2158   .debug_str:00000000000001b2 .LASF21
     /tmp/ccsOwhxU.s:2220   .debug_str:0000000000000492 .LASF20
     /tmp/ccsOwhxU.s:2242   .debug_str:0000000000000555 .LASF22
     /tmp/ccsOwhxU.s:2238   .debug_str:000000000000053b .LASF31
     /tmp/ccsOwhxU.s:2142   .debug_str:0000000000000113 .LASF32
     /tmp/ccsOwhxU.s:2190   .debug_str:000000000000039e .LASF25
     /tmp/ccsOwhxU.s:2144   .debug_str:0000000000000145 .LASF24
     /tmp/ccsOwhxU.s:2216   .debug_str:000000000000046e .LASF26
     /tmp/ccsOwhxU.s:2122   .debug_str:0000000000000089 .LASF68
     /tmp/ccsOwhxU.s:2148   .debug_str:0000000000000162 .LASF69
     /tmp/ccsOwhxU.s:2202   .debug_str:00000000000003fe .LASF27
     /tmp/ccsOwhxU.s:2212   .debug_str:000000000000045d .LASF29
     /tmp/ccsOwhxU.s:2132   .debug_str:00000000000000d9 .LASF30
     /tmp/ccsOwhxU.s:2194   .debug_str:00000000000003ba .LASF33
     /tmp/ccsOwhxU.s:2196   .debug_str:00000000000003d9 .LASF34
     /tmp/ccsOwhxU.s:2182   .debug_str:0000000000000351 .LASF35
     /tmp/ccsOwhxU.s:2192   .debug_str:00000000000003aa .LASF41
     /tmp/ccsOwhxU.s:2172   .debug_str:000000000000024d .LASF70
     /tmp/ccsOwhxU.s:2180   .debug_str:000000000000034c .LASF36
     /tmp/ccsOwhxU.s:2232   .debug_str:000000000000051c .LASF37
     /tmp/ccsOwhxU.s:2136   .debug_str:00000000000000f4 .LASF38
     /tmp/ccsOwhxU.s:2162   .debug_str:00000000000001e5 .LASF39
     /tmp/ccsOwhxU.s:2128   .debug_str:00000000000000b2 .LASF48
     /tmp/ccsOwhxU.s:2244   .debug_str:0000000000000576 .LASF71
     /tmp/ccsOwhxU.s:2228   .debug_str:00000000000004e7 .LASF72
     /tmp/ccsOwhxU.s:2106   .debug_str:0000000000000000 .LASF40
     /tmp/ccsOwhxU.s:2226   .debug_str:00000000000004d3 .LASF42
     /tmp/ccsOwhxU.s:2186   .debug_str:0000000000000388 .LASF43
     /tmp/ccsOwhxU.s:2224   .debug_str:00000000000004b6 .LASF44
     /tmp/ccsOwhxU.s:2178   .debug_str:0000000000000344 .LASF45
     /tmp/ccsOwhxU.s:2208   .debug_str:000000000000042b .LASF46
     /tmp/ccsOwhxU.s:2234   .debug_str:0000000000000521 .LASF47
     /tmp/ccsOwhxU.s:2230   .debug_str:00000000000004fe .LASF49
     /tmp/ccsOwhxU.s:2152   .debug_str:0000000000000195 .LASF50
     /tmp/ccsOwhxU.s:2222   .debug_str:000000000000049b .LASF51
     /tmp/ccsOwhxU.s:2140   .debug_str:0000000000000108 .LASF52
     /tmp/ccsOwhxU.s:2116   .debug_str:000000000000003d .LASF53
GAS LISTING /tmp/ccsOwhxU.s 			page 11


     /tmp/ccsOwhxU.s:2198   .debug_str:00000000000003e6 .LASF54
     /tmp/ccsOwhxU.s:2174   .debug_str:0000000000000266 .LASF55
     /tmp/ccsOwhxU.s:2170   .debug_str:0000000000000229 .LASF73
     /tmp/ccsOwhxU.s:2250   .debug_str:000000000000058f .LASF56
     /tmp/ccsOwhxU.s:225    .text:0000000000000124 .LFB25
     /tmp/ccsOwhxU.s:251    .text:0000000000000158 .LFE25
     /tmp/ccsOwhxU.s:241    .text:0000000000000148 .LVL19
     /tmp/ccsOwhxU.s:2118   .debug_str:000000000000005a .LASF57
     /tmp/ccsOwhxU.s:9      .text:0000000000000000 .LFB24
     /tmp/ccsOwhxU.s:53     .text:0000000000000040 .LFE24
     /tmp/ccsOwhxU.s:2138   .debug_str:00000000000000f9 .LASF58
     /tmp/ccsOwhxU.s:2110   .debug_str:0000000000000026 .LASF59
     /tmp/ccsOwhxU.s:38     .text:000000000000002c .LBB16
     /tmp/ccsOwhxU.s:49     .text:000000000000003c .LBE16
     /tmp/ccsOwhxU.s:1946   .debug_loc:0000000000000000 .LLST0
     /tmp/ccsOwhxU.s:2156   .debug_str:00000000000001ad .LASF60
     /tmp/ccsOwhxU.s:2184   .debug_str:0000000000000369 .LASF63
     /tmp/ccsOwhxU.s:2236   .debug_str:000000000000052d .LASF61
     /tmp/ccsOwhxU.s:2120   .debug_str:0000000000000084 .LASF62
     /tmp/ccsOwhxU.s:2206   .debug_str:0000000000000418 .LASF64
     /tmp/ccsOwhxU.s:138    .text:00000000000000a8 .LFB13
     /tmp/ccsOwhxU.s:220    .text:0000000000000124 .LFE13
     /tmp/ccsOwhxU.s:1955   .debug_loc:000000000000002c .LLST5
     /tmp/ccsOwhxU.s:155    .text:00000000000000c0 .LBB32
     /tmp/ccsOwhxU.s:2090   .debug_ranges:0000000000000000 .Ldebug_ranges0
     /tmp/ccsOwhxU.s:1977   .debug_loc:000000000000008b .LLST6
     /tmp/ccsOwhxU.s:1992   .debug_loc:00000000000000d4 .LLST7
     /tmp/ccsOwhxU.s:157    .text:00000000000000c0 .LBB34
     /tmp/ccsOwhxU.s:171    .text:00000000000000dc .LBE34
     /tmp/ccsOwhxU.s:2007   .debug_loc:000000000000011c .LLST8
     /tmp/ccsOwhxU.s:169    .text:00000000000000dc .LVL13
     /tmp/ccsOwhxU.s:172    .text:00000000000000dc .LBB36
     /tmp/ccsOwhxU.s:179    .text:00000000000000e4 .LBE36
     /tmp/ccsOwhxU.s:2015   .debug_loc:0000000000000140 .LLST9
     /tmp/ccsOwhxU.s:2023   .debug_loc:0000000000000164 .LLST10
     /tmp/ccsOwhxU.s:2030   .debug_loc:0000000000000187 .LLST11
     /tmp/ccsOwhxU.s:59     .text:0000000000000040 .LFB12
     /tmp/ccsOwhxU.s:132    .text:00000000000000a8 .LFE12
     /tmp/ccsOwhxU.s:74     .text:0000000000000054 .LBB19
     /tmp/ccsOwhxU.s:2037   .debug_loc:00000000000001aa .LLST1
     /tmp/ccsOwhxU.s:2052   .debug_loc:00000000000001f2 .LLST2
     /tmp/ccsOwhxU.s:2063   .debug_loc:0000000000000228 .LLST3
     /tmp/ccsOwhxU.s:91     .text:0000000000000074 .LBB21
     /tmp/ccsOwhxU.s:98     .text:000000000000007c .LBE21
     /tmp/ccsOwhxU.s:2070   .debug_loc:000000000000024b .LLST4
     /tmp/ccsOwhxU.s:95     .text:000000000000007c .LVL6
     /tmp/ccsOwhxU.s:37     .text:000000000000002c .LVL1
     /tmp/ccsOwhxU.s:46     .text:000000000000003c .LVL2
     /tmp/ccsOwhxU.s:141    .text:00000000000000a8 .LVL10
     /tmp/ccsOwhxU.s:167    .text:00000000000000d4 .LVL12
     /tmp/ccsOwhxU.s:201    .text:0000000000000108 .LVL16
     /tmp/ccsOwhxU.s:205    .text:0000000000000110 .LVL17
     /tmp/ccsOwhxU.s:154    .text:00000000000000c0 .LVL11
     /tmp/ccsOwhxU.s:188    .text:00000000000000fc .LVL15
     /tmp/ccsOwhxU.s:214    .text:0000000000000120 .LVL18
     /tmp/ccsOwhxU.s:177    .text:00000000000000e4 .LVL14
     /tmp/ccsOwhxU.s:73     .text:0000000000000054 .LVL3
GAS LISTING /tmp/ccsOwhxU.s 			page 12


     /tmp/ccsOwhxU.s:114    .text:0000000000000094 .LVL7
     /tmp/ccsOwhxU.s:126    .text:00000000000000a4 .LVL9
     /tmp/ccsOwhxU.s:80     .text:0000000000000060 .LVL4
     /tmp/ccsOwhxU.s:122    .text:00000000000000a0 .LVL8
     /tmp/ccsOwhxU.s:90     .text:0000000000000074 .LVL5
     /tmp/ccsOwhxU.s:270    .debug_info:0000000000000000 .Ldebug_info0
     /tmp/ccsOwhxU.s:100    .text:000000000000007c .LBE19
     /tmp/ccsOwhxU.s:117    .text:0000000000000094 .LBB24
     /tmp/ccsOwhxU.s:128    .text:00000000000000a4 .LBE24
     /tmp/ccsOwhxU.s:191    .text:00000000000000fc .LBE32
     /tmp/ccsOwhxU.s:208    .text:0000000000000110 .LBB39
     /tmp/ccsOwhxU.s:216    .text:0000000000000120 .LBE39

UNDEFINED SYMBOLS
_ZN15memoryAllocator8mem_freeEPv
_ZN15memoryAllocator9mem_allocEm
